TN:
SF:dist/src/domain/entities/record.js
FN:6,(anonymous_0)
FN:9,(anonymous_1)
FN:10,(anonymous_2)
FN:14,(anonymous_3)
FN:16,(anonymous_4)
FN:17,(anonymous_5)
FN:20,(anonymous_6)
FN:21,(anonymous_7)
FN:23,(anonymous_8)
FN:40,(anonymous_9)
FN:48,(anonymous_10)
FN:69,(anonymous_11)
FNF:12
FNH:12
FNDA:5,(anonymous_0)
FNDA:2,(anonymous_1)
FNDA:6,(anonymous_2)
FNDA:16,(anonymous_3)
FNDA:43,(anonymous_4)
FNDA:28,(anonymous_5)
FNDA:7,(anonymous_6)
FNDA:20,(anonymous_7)
FNDA:8,(anonymous_8)
FNDA:6,(anonymous_9)
FNDA:6,(anonymous_10)
FNDA:2,(anonymous_11)
DA:2,2
DA:3,2
DA:7,5
DA:10,2
DA:11,6
DA:15,16
DA:16,43
DA:17,28
DA:21,20
DA:24,8
DA:25,8
DA:26,14
DA:27,6
DA:28,6
DA:31,8
DA:32,2
DA:34,6
DA:35,6
DA:36,3
DA:38,6
DA:41,6
DA:42,6
DA:45,0
DA:49,6
DA:50,6
DA:51,6
DA:53,3
DA:55,3
DA:57,2
DA:59,1
DA:61,0
DA:62,0
DA:63,0
DA:68,1
DA:69,1
DA:70,2
DA:75,2
LF:37
LH:33
BRDA:11,0,0,2
BRDA:11,0,1,4
BRDA:21,1,0,13
BRDA:21,1,1,7
BRDA:26,2,0,6
BRDA:26,2,1,8
BRDA:31,3,0,2
BRDA:31,3,1,6
BRDA:35,4,0,9
BRDA:35,4,1,9
BRDA:41,5,0,6
BRDA:41,5,1,0
BRDA:41,6,0,6
BRDA:41,6,1,6
BRDA:51,7,0,3
BRDA:51,7,1,3
BRDA:55,8,0,2
BRDA:55,8,1,1
BRDA:59,9,0,0
BRDA:59,9,1,1
BRDA:70,10,0,1
BRDA:70,10,1,1
BRF:22
BRH:20
end_of_record
TN:
SF:dist/src/domain/services/prefix-validator.js
FN:6,(anonymous_0)
FN:9,(anonymous_1)
FN:10,(anonymous_2)
FN:15,(anonymous_3)
FN:22,(anonymous_4)
FNF:5
FNH:5
FNDA:11,(anonymous_0)
FNDA:5,(anonymous_1)
FNDA:12,(anonymous_2)
FNDA:4,(anonymous_3)
FNDA:4,(anonymous_4)
DA:2,2
DA:3,2
DA:5,11
DA:7,11
DA:10,12
DA:11,3
DA:16,4
DA:19,2
DA:23,4
DA:26,2
LF:10
LH:10
BRDA:10,0,0,3
BRDA:10,0,1,2
BRDA:10,1,0,12
BRDA:10,1,1,11
BRDA:16,2,0,2
BRDA:16,2,1,2
BRDA:16,3,0,4
BRDA:16,3,1,3
BRDA:16,3,2,3
BRF:9
BRH:9
end_of_record
TN:
SF:dist/src/domain/services/text-generator.js
FN:9,(anonymous_0)
FN:14,(anonymous_1)
FN:20,(anonymous_2)
FNF:3
FNH:2
FNDA:1,(anonymous_0)
FNDA:0,(anonymous_1)
FNDA:1,(anonymous_2)
DA:2,1
DA:3,1
DA:4,1
DA:5,1
DA:8,1
DA:10,1
DA:15,0
DA:16,0
DA:21,1
DA:22,1
DA:23,1
DA:24,1
DA:25,1
DA:26,1
DA:27,1
DA:28,6
DA:29,6
DA:31,1
DA:32,1
DA:35,1
LF:20
LH:18
BRDA:10,0,0,1
BRDA:10,0,1,1
BRDA:15,1,0,0
BRDA:15,1,1,0
BRF:4
BRH:2
end_of_record
TN:
SF:src/domain/entities/record.ts
FN:6,(anonymous_0)
FN:9,(anonymous_1)
FN:10,(anonymous_2)
FN:14,(anonymous_3)
FN:16,(anonymous_4)
FN:17,(anonymous_5)
FN:20,(anonymous_6)
FN:21,(anonymous_7)
FN:23,(anonymous_8)
FN:40,(anonymous_9)
FN:48,(anonymous_10)
FN:69,(anonymous_11)
FNF:12
FNH:12
FNDA:5,(anonymous_0)
FNDA:2,(anonymous_1)
FNDA:6,(anonymous_2)
FNDA:16,(anonymous_3)
FNDA:43,(anonymous_4)
FNDA:28,(anonymous_5)
FNDA:7,(anonymous_6)
FNDA:20,(anonymous_7)
FNDA:8,(anonymous_8)
FNDA:6,(anonymous_9)
FNDA:6,(anonymous_10)
FNDA:2,(anonymous_11)
DA:2,2
DA:3,2
DA:7,5
DA:10,2
DA:11,6
DA:15,16
DA:16,43
DA:17,28
DA:21,20
DA:24,8
DA:25,8
DA:26,14
DA:27,6
DA:28,6
DA:31,8
DA:32,2
DA:34,6
DA:35,6
DA:36,3
DA:38,6
DA:41,6
DA:42,6
DA:45,0
DA:49,6
DA:50,6
DA:51,6
DA:53,3
DA:55,3
DA:57,2
DA:59,1
DA:61,0
DA:62,0
DA:63,0
DA:68,1
DA:69,1
DA:70,2
DA:75,2
LF:37
LH:33
BRDA:11,0,0,2
BRDA:11,0,1,4
BRDA:21,1,0,13
BRDA:21,1,1,7
BRDA:26,2,0,6
BRDA:26,2,1,8
BRDA:31,3,0,2
BRDA:31,3,1,6
BRDA:35,4,0,9
BRDA:35,4,1,9
BRDA:41,5,0,6
BRDA:41,5,1,0
BRDA:41,6,0,6
BRDA:41,6,1,6
BRDA:51,7,0,3
BRDA:51,7,1,3
BRDA:55,8,0,2
BRDA:55,8,1,1
BRDA:59,9,0,0
BRDA:59,9,1,1
BRDA:70,10,0,1
BRDA:70,10,1,1
BRF:22
BRH:20
end_of_record
TN:
SF:src/domain/services/prefix-validator.ts
FN:6,(anonymous_0)
FN:9,(anonymous_1)
FN:10,(anonymous_2)
FN:15,(anonymous_3)
FN:22,(anonymous_4)
FNF:5
FNH:5
FNDA:11,(anonymous_0)
FNDA:5,(anonymous_1)
FNDA:12,(anonymous_2)
FNDA:4,(anonymous_3)
FNDA:4,(anonymous_4)
DA:2,2
DA:3,2
DA:5,11
DA:7,11
DA:10,12
DA:11,3
DA:16,4
DA:19,2
DA:23,4
DA:26,2
LF:10
LH:10
BRDA:10,0,0,3
BRDA:10,0,1,2
BRDA:10,1,0,12
BRDA:10,1,1,11
BRDA:16,2,0,2
BRDA:16,2,1,2
BRDA:16,3,0,4
BRDA:16,3,1,3
BRDA:16,3,2,3
BRF:9
BRH:9
end_of_record
TN:
SF:src/domain/services/text-generator.ts
FN:9,(anonymous_0)
FN:14,(anonymous_1)
FN:20,(anonymous_2)
FNF:3
FNH:2
FNDA:1,(anonymous_0)
FNDA:0,(anonymous_1)
FNDA:1,(anonymous_2)
DA:2,1
DA:3,1
DA:4,1
DA:5,1
DA:8,1
DA:10,1
DA:15,0
DA:16,0
DA:21,1
DA:22,1
DA:23,1
DA:24,1
DA:25,1
DA:26,1
DA:27,1
DA:28,6
DA:29,6
DA:31,1
DA:32,1
DA:35,1
LF:20
LH:18
BRDA:10,0,0,1
BRDA:10,0,1,1
BRDA:15,1,0,0
BRDA:15,1,1,0
BRF:4
BRH:2
end_of_record
